[dotenv@17.2.3] injecting env (3) from .env -- tip: ðŸ”„ add secrets lifecycle management: https://dotenvx.com/ops
[dotenv@17.2.3] injecting env (0) from .env -- tip: âš™ï¸  load multiple .env files with { path: ['.env.local', '.env'] }
[dotenv@17.2.3] injecting env (0) from .env -- tip: âš™ï¸  override existing env vars with { override: true }
[dotenv@17.2.3] injecting env (0) from .env -- tip: âš™ï¸  specify custom .env file path with { path: '/custom/path/.env' }
[dotenv@17.2.3] injecting env (0) from .env -- tip: âš™ï¸  enable debug logging with { debug: true }
verifyToken: [Function: verifyToken]
isSuperAdmin: [Function: isSuperAdmin]
[dotenv@17.2.3] injecting env (0) from .env -- tip: ðŸ‘¥ sync secrets across teammates & machines: https://dotenvx.com/ops
[dotenv@17.2.3] injecting env (0) from .env -- tip: âš™ï¸  suppress all logs with { quiet: true }
[dotenv@17.2.3] injecting env (0) from .env -- tip: âš™ï¸  enable debug logging with { debug: true }
[dotenv@17.2.3] injecting env (0) from .env -- tip: ðŸ”‘ add access controls to secrets: https://dotenvx.com/ops
[dotenv@17.2.3] injecting env (0) from .env -- tip: ðŸ” prevent building .env in docker: https://dotenvx.com/prebuild
ðŸš€ Server is running on http://localhost:3000
id: 22 name: John logged in
â±ï¸ Running scheduled pending check...
â³ Checking for pending applications...
ðŸ”” Pending >48hr: Application #14
âœ… Email sent to ali@example.com
ðŸ“© Preview URL: https://ethereal.email/message/aP0PwIw8PbMuOmXkaVkErnaur3U3sUqdAAALnDs2Ntrsu.h-SJ8-ZS79Ii0
ðŸ”” Notification created for researcher 4
ðŸ”” Pending >48hr: Application #17
âœ… Email sent to sd@w.com
ðŸ“© Preview URL: https://ethereal.email/message/aP0PwIw8PbMuOmXkaVkEsU.zpT4HjTHxAAALnRmIOzapHNQ2lprDygadyV0
ðŸ”” Notification created for researcher 8
ðŸ”” Pending >48hr: Application #3
âœ… Email sent to admin@example.com
ðŸ“© Preview URL: https://ethereal.email/message/aP0PwIw8PbMuOmXkaVkEs4GyTc4D.fhZAAALno5vPRb9ElJ3pWaVkn1jVMc
ðŸ”” Notification created for researcher 1
ðŸ”” Pending >48hr: Application #4
âœ… Email sent to gedeonlombe200@gmail.com
ðŸ“© Preview URL: https://ethereal.email/message/aP0PwIw8PbMuOmXkaVkEtqPtGIlBAcZ2AAALnw-zM1txb-n9tTDZczrGqpQ
ðŸ”” Notification created for researcher 5
ðŸ”” Pending >48hr: Application #5
âœ… Email sent to admin@example.com
ðŸ“© Preview URL: https://ethereal.email/message/aP0PwIw8PbMuOmXkaVkEuHaur3U3sUqgAAALoOpsx9WadCq2yVZIhJlR9rQ
ðŸ”” Notification created for researcher 1
ðŸ”” Pending >48hr: Application #7
âœ… Email sent to committee@example.com
ðŸ“© Preview URL: https://ethereal.email/message/aP0PwIw8PbMuOmXkaVkEu3aur3U3sUqjAAALofsaXHocyjLbisWyqw479os
ðŸ”” Notification created for researcher 2
ðŸ”” Pending >48hr: Application #9
âœ… Email sent to admin@example.com
ðŸ“© Preview URL: https://ethereal.email/message/aP0PwIw8PbMuOmXkaVkEvXaur3U3sUqmAAALou59Y1sFpXbPIlUuRe8ZeNM
ðŸ”” Notification created for researcher 1
ðŸ”” Pending >48hr: Application #11
âœ… Email sent to ali@example.com
ðŸ“© Preview URL: https://ethereal.email/message/aP0PwIw8PbMuOmXkaVkEwHaur3U3sUqpAAALo1pYed6VsSfm2SEhg29mDTI
ðŸ”” Notification created for researcher 4
ðŸ”” Pending >48hr: Application #12
âœ… Email sent to ali@example.com
ðŸ“© Preview URL: https://ethereal.email/message/aP0PwIw8PbMuOmXkaVkEwnaur3U3sUqvAAALpJU8jRQJf9nO3Py0SDcmnH0
ðŸ”” Notification created for researcher 4
ðŸ”” Pending >48hr: Application #18
âœ… Email sent to sd@w.com
ðŸ“© Preview URL: https://ethereal.email/message/aP0PwIw8PbMuOmXkaVkExaPtGIlBAcaCAAALpZQT6XW-cx0gQsPDI6LtYDg
ðŸ”” Notification created for researcher 8
ðŸ”” Pending >48hr: Application #19
âœ… Email sent to sd@w.com
ðŸ“© Preview URL: https://ethereal.email/message/aP0PwIw8PbMuOmXkaVkEyXaur3U3sUrEAAALpuJBwgdhpRDribbA2qsV1.s
ðŸ”” Notification created for researcher 8
ðŸ”” Pending >48hr: Application #23
âœ… Email sent to one@gmail.com
ðŸ“© Preview URL: https://ethereal.email/message/aP0PwIw8PbMuOmXkaVkEzKPtGIlBAcaOAAALp0F88OP6eYCqC6VJBqyT4Kg
ðŸ”” Notification created for researcher 9
ðŸ”” Pending >48hr: Application #24
âœ… Email sent to one@gmail.com
ðŸ“© Preview URL: https://ethereal.email/message/aP0PwIw8PbMuOmXkaVkEz0.zpT4HjTILAAALqBQeT4NwCUDPNEzzFsFDaXI
ðŸ”” Notification created for researcher 9
ðŸ”” Pending >48hr: Application #25
âœ… Email sent to one@gmail.com
ðŸ“© Preview URL: https://ethereal.email/message/aP0PwIw8PbMuOmXkaVkE0U.zpT4HjTIRAAALqdmjEbPCQ8riv5ir1lktEl0
ðŸ”” Notification created for researcher 9
ðŸ”” Pending >48hr: Application #29
âœ… Email sent to one@gmail.com
ðŸ“© Preview URL: https://ethereal.email/message/aP0PwIw8PbMuOmXkaVkE1Haur3U3sUrTAAALqj4TWDqdj2gK13oIlc-vGp8
ðŸ”” Notification created for researcher 9
âœ… 48-hour pending check complete.

id: 22 name: John logged in
â±ï¸ Running scheduled pending check...
â³ Checking for pending applications...
ðŸ”” Pending >48hr: Application #14
âœ… Email sent to ali@example.com
ðŸ“© Preview URL: https://ethereal.email/message/aP0PwIw8PbMuOmXkaVkSuHaur3U3sU6cAAALq8dKj8l9gVV2jbzdUPXV-hM
ðŸ”” Notification created for researcher 4
ðŸ”” Pending >48hr: Application #17
âœ… Email sent to sd@w.com
ðŸ“© Preview URL: https://ethereal.email/message/aP0PwIw8PbMuOmXkaVkSu6PtGIlBAcqnAAALrGVkpzAI3scqfBIJT8RJ7ns
ðŸ”” Notification created for researcher 8
ðŸ”” Pending >48hr: Application #3
âœ… Email sent to admin@example.com
ðŸ“© Preview URL: https://ethereal.email/message/aP0PwIw8PbMuOmXkaVkSvU.zpT4HjTZpAAALrae6JbiN7sHUnp4AtpZ1kwM
ðŸ”” Notification created for researcher 1
ðŸ”” Pending >48hr: Application #4
âœ… Email sent to gedeonlombe200@gmail.com
ðŸ“© Preview URL: https://ethereal.email/message/aP0PwIw8PbMuOmXkaVkSwHaur3U3sU6iAAALruyFw4DGhkaQkjGgjDmd7Zs
ðŸ”” Notification created for researcher 5
ðŸ”” Pending >48hr: Application #5
âœ… Email sent to admin@example.com
ðŸ“© Preview URL: https://ethereal.email/message/aP0PwIw8PbMuOmXkaVkSwnaur3U3sU6lAAALr2cwKsIrCO8eIdAZOBXRrsc
ðŸ”” Notification created for researcher 1
ðŸ”” Pending >48hr: Application #7
âœ… Email sent to committee@example.com
ðŸ“© Preview URL: https://ethereal.email/message/aP0PwIw8PbMuOmXkaVkSxKPtGIlBAcqqAAALsMkXbY-9enGcoWs8t7jahNE
ðŸ”” Notification created for researcher 2
ðŸ”” Pending >48hr: Application #9
âœ… Email sent to admin@example.com
ðŸ“© Preview URL: https://ethereal.email/message/aP0PwIw8PbMuOmXkaVkSx3aur3U3sU6oAAALsZqqFnI0CDHfiruTiV3UkPE
ðŸ”” Notification created for researcher 1
ðŸ”” Pending >48hr: Application #11
âœ… Email sent to ali@example.com
ðŸ“© Preview URL: https://ethereal.email/message/aP0PwIw8PbMuOmXkaVkSyaPtGIlBAcqtAAALshkT-sgJeEYdz-sHhB3bAL4
ðŸ”” Notification created for researcher 4
ðŸ”” Pending >48hr: Application #12
âœ… Email sent to ali@example.com
ðŸ“© Preview URL: https://ethereal.email/message/aP0PwIw8PbMuOmXkaVkSzE.zpT4HjTZsAAALs1q1n6tW.RzNyvRkHecFsVE
ðŸ”” Notification created for researcher 4
ðŸ”” Pending >48hr: Application #18
âœ… Email sent to sd@w.com
ðŸ“© Preview URL: https://ethereal.email/message/aP0PwIw8PbMuOmXkaVkSzk.zpT4HjTZvAAALtCpdtA.NBu.OV0IeK7.EOVQ
ðŸ”” Notification created for researcher 8
ðŸ”” Pending >48hr: Application #19
âœ… Email sent to sd@w.com
ðŸ“© Preview URL: https://ethereal.email/message/aP0PwIw8PbMuOmXkaVkS0YGyTc4D.f0BAAALtaALO9DVxGbjJ2fQd2QN6p0
ðŸ”” Notification created for researcher 8
ðŸ”” Pending >48hr: Application #23
âœ… Email sent to one@gmail.com
ðŸ“© Preview URL: https://ethereal.email/message/aP0PwIw8PbMuOmXkaVkS1IGyTc4D.f0QAAALtpuY-t0VZArpRasvAs-OSBk
ðŸ”” Notification created for researcher 9
ðŸ”” Pending >48hr: Application #24
âœ… Email sent to one@gmail.com
ðŸ“© Preview URL: https://ethereal.email/message/aP0PwIw8PbMuOmXkaVkS1k.zpT4HjTZ7AAALt0533VzAM5P87kp-ys4P6KU
ðŸ”” Notification created for researcher 9
ðŸ”” Pending >48hr: Application #25
âœ… Email sent to one@gmail.com
ðŸ“© Preview URL: https://ethereal.email/message/aP0PwIw8PbMuOmXkaVkS2KPtGIlBAcrCAAALuJbplf2R2DYHpQvAieq5o58
ðŸ”” Notification created for researcher 9
ðŸ”” Pending >48hr: Application #29
âœ… Email sent to one@gmail.com
ðŸ“© Preview URL: https://ethereal.email/message/aP0PwIw8PbMuOmXkaVkS24GyTc4D.f0TAAALuVcFRQc5TBqW3tmAUUzGpKQ
ðŸ”” Notification created for researcher 9
âœ… 48-hour pending check complete.

FetchFacultiesDB: 2.878s
JWT Verification Error (verifyToken): jwt expired Secret: Present
id: 21 name: Admin logged in
