[dotenv@17.2.3] injecting env (3) from .env -- tip: âš™ï¸  override existing env vars with { override: true }
[dotenv@17.2.3] injecting env (0) from .env -- tip: âš™ï¸  enable debug logging with { debug: true }
[dotenv@17.2.3] injecting env (0) from .env -- tip: ðŸ“¡ add observability to secrets: https://dotenvx.com/ops
[dotenv@17.2.3] injecting env (0) from .env -- tip: ðŸ—‚ï¸ backup and recover secrets: https://dotenvx.com/ops
[dotenv@17.2.3] injecting env (0) from .env -- tip: ðŸ” prevent building .env in docker: https://dotenvx.com/prebuild
verifyToken: [Function: verifyToken]
isSuperAdmin: [Function: isSuperAdmin]
[dotenv@17.2.3] injecting env (0) from .env -- tip: ðŸ“¡ add observability to secrets: https://dotenvx.com/ops
[dotenv@17.2.3] injecting env (0) from .env -- tip: ðŸ” prevent committing .env to code: https://dotenvx.com/precommit
[dotenv@17.2.3] injecting env (0) from .env -- tip: ðŸ”„ add secrets lifecycle management: https://dotenvx.com/ops
[dotenv@17.2.3] injecting env (0) from .env -- tip: âš™ï¸  override existing env vars with { override: true }
[dotenv@17.2.3] injecting env (0) from .env -- tip: ðŸ” prevent building .env in docker: https://dotenvx.com/prebuild
ðŸš€ Server is running on http://localhost:3000
id: 22 name: John logged in
id: 22 name: John logged in
id: 21 name: Admin logged in
id: 9 name: one  logged in
â±ï¸ Running scheduled pending check...
â³ Checking for pending applications...
ðŸ”” Pending >48hr: Application #14
âœ… Email sent to ali@example.com
ðŸ“© Preview URL: https://ethereal.email/message/aP0PwIw8PbMuOmXkaVg1PYGyTc4D.a-CAAAKjpBA7IFRmOUnZ0TMZrE1t8k
ðŸ”” Notification created for researcher 4
ðŸ”” Pending >48hr: Application #17
âœ… Email sent to sd@w.com
ðŸ“© Preview URL: https://ethereal.email/message/aP0PwIw8PbMuOmXkaVg1QE.zpT4HjOt7AAAKj5plo4-jxFI4NGa962zj2Cg
ðŸ”” Notification created for researcher 8
ðŸ”” Pending >48hr: Application #3
âœ… Email sent to admin@example.com
ðŸ“© Preview URL: https://ethereal.email/message/aP0PwIw8PbMuOmXkaVg1Q3aur3U3sQJLAAAKkH4RnT35Xk3.9CN.5YgecOc
ðŸ”” Notification created for researcher 1
ðŸ”” Pending >48hr: Application #4
âœ… Email sent to gedeonlombe200@gmail.com
ðŸ“© Preview URL: https://ethereal.email/message/aP0PwIw8PbMuOmXkaVg1Rk.zpT4HjOuEAAAKkYSFZcqJkYoNsphPXR8zzK4
ðŸ”” Notification created for researcher 5
ðŸ”” Pending >48hr: Application #5
âœ… Email sent to admin@example.com
ðŸ“© Preview URL: https://ethereal.email/message/aP0PwIw8PbMuOmXkaVg1SE.zpT4HjOuHAAAKkrY8xjYV1XE3gY.K.2H5rOA
ðŸ”” Notification created for researcher 1
ðŸ”” Pending >48hr: Application #7
âœ… Email sent to committee@example.com
ðŸ“© Preview URL: https://ethereal.email/message/aP0PwIw8PbMuOmXkaVg1S6PtGIlBAX50AAAKk2Hi6IIWagnEQXhPyN0-kWw
ðŸ”” Notification created for researcher 2
ðŸ”” Pending >48hr: Application #9
âœ… Email sent to admin@example.com
ðŸ“© Preview URL: https://ethereal.email/message/aP0PwIw8PbMuOmXkaVg1T6PtGIlBAX53AAAKlK.1-QzULXim1Ifl..KLi2A
ðŸ”” Notification created for researcher 1
ðŸ”” Pending >48hr: Application #11
âœ… Email sent to ali@example.com
ðŸ“© Preview URL: https://ethereal.email/message/aP0PwIw8PbMuOmXkaVg1UqPtGIlBAX56AAAKlQfHt9.alg5.NVF13joPzJI
ðŸ”” Notification created for researcher 4
ðŸ”” Pending >48hr: Application #12
âœ… Email sent to ali@example.com
ðŸ“© Preview URL: https://ethereal.email/message/aP0PwIw8PbMuOmXkaVg1VYGyTc4D.a-FAAAKlstk38MvDng.eDX-E3YtUVY
ðŸ”” Notification created for researcher 4
ðŸ”” Pending >48hr: Application #18
âœ… Email sent to sd@w.com
ðŸ“© Preview URL: https://ethereal.email/message/aP0PwIw8PbMuOmXkaVg1V3aur3U3sQJgAAAKl3OjbHhe-ryILg6D7WSs2lU
ðŸ”” Notification created for researcher 8
ðŸ”” Pending >48hr: Application #19
âœ… Email sent to sd@w.com
ðŸ“© Preview URL: https://ethereal.email/message/aP0PwIw8PbMuOmXkaVg1W3aur3U3sQJjAAAKmPg15TesKOKSARpXYU0IXwc
ðŸ”” Notification created for researcher 8
ðŸ”” Pending >48hr: Application #23
âœ… Email sent to one@gmail.com
ðŸ“© Preview URL: https://ethereal.email/message/aP0PwIw8PbMuOmXkaVg1XqPtGIlBAX6DAAAKmfTcNmgbdJ.R49cXmsboDxY
ðŸ”” Notification created for researcher 9
ðŸ”” Pending >48hr: Application #24
âœ… Email sent to one@gmail.com
ðŸ“© Preview URL: https://ethereal.email/message/aP0PwIw8PbMuOmXkaVg1YoGyTc4D.a-XAAAKms1u7iBl.W0DUQ9utlypNGQ
ðŸ”” Notification created for researcher 9
ðŸ”” Pending >48hr: Application #25
âœ… Email sent to one@gmail.com
ðŸ“© Preview URL: https://ethereal.email/message/aP0PwIw8PbMuOmXkaVg1ZaPtGIlBAX6GAAAKm5rAssb1ozTi3Gxu3BW4BxA
ðŸ”” Notification created for researcher 9
ðŸ”” Pending >48hr: Application #29
âœ… Email sent to one@gmail.com
ðŸ“© Preview URL: https://ethereal.email/message/aP0PwIw8PbMuOmXkaVg1aXaur3U3sQJmAAAKnBWeKjMrwyRkl0Fa3BBEE2Y
ðŸ”” Notification created for researcher 9
âœ… 48-hour pending check complete.

â±ï¸ Running scheduled pending check...
â³ Checking for pending applications...
ðŸ”” Pending >48hr: Application #14
âœ… Email sent to ali@example.com
ðŸ“© Preview URL: https://ethereal.email/message/aP0PwIw8PbMuOmXkaVhDT4GyTc4D.bLmAAAKrC9hfG63gZn8avGZc1uVtig
ðŸ”” Notification created for researcher 4
ðŸ”” Pending >48hr: Application #17
âœ… Email sent to sd@w.com
ðŸ“© Preview URL: https://ethereal.email/message/aP0PwIw8PbMuOmXkaVhDUk.zpT4HjO8sAAAKrdR1zzAG17BIMy4KMpDG0Zc
ðŸ”” Notification created for researcher 8
ðŸ”” Pending >48hr: Application #3
âœ… Email sent to admin@example.com
ðŸ“© Preview URL: https://ethereal.email/message/aP0PwIw8PbMuOmXkaVhDVKPtGIlBAYJCAAAKrsxwRApOT1RAkrSNstjEhlA
ðŸ”” Notification created for researcher 1
ðŸ”” Pending >48hr: Application #4
âœ… Email sent to gedeonlombe200@gmail.com
ðŸ“© Preview URL: https://ethereal.email/message/aP0PwIw8PbMuOmXkaVhDV0.zpT4HjO8vAAAKrxS5KKhPwWSnD.Zet1TlLww
ðŸ”” Notification created for researcher 5
ðŸ”” Pending >48hr: Application #5
âœ… Email sent to admin@example.com
ðŸ“© Preview URL: https://ethereal.email/message/aP0PwIw8PbMuOmXkaVhDWYGyTc4D.bLsAAAKsOsI6w2bgSIwt.bEKzgP8FM
ðŸ”” Notification created for researcher 1
ðŸ”” Pending >48hr: Application #7
âœ… Email sent to committee@example.com
ðŸ“© Preview URL: https://ethereal.email/message/aP0PwIw8PbMuOmXkaVhDXIGyTc4D.bLvAAAKsQYQS4eTg5zKTJSKaa-8d.g
ðŸ”” Notification created for researcher 2
ðŸ”” Pending >48hr: Application #9
âœ… Email sent to admin@example.com
ðŸ“© Preview URL: https://ethereal.email/message/aP0PwIw8PbMuOmXkaVhDXnaur3U3sQXsAAAKsmpqinjdwzwDzcWQsZvQ9oY
ðŸ”” Notification created for researcher 1
ðŸ”” Pending >48hr: Application #11
âœ… Email sent to ali@example.com
ðŸ“© Preview URL: https://ethereal.email/message/aP0PwIw8PbMuOmXkaVhDYk.zpT4HjO8yAAAKs1raJLnjpYFN-Oj4Mjj8EqI
ðŸ”” Notification created for researcher 4
ðŸ”” Pending >48hr: Application #12
âœ… Email sent to ali@example.com
ðŸ“© Preview URL: https://ethereal.email/message/aP0PwIw8PbMuOmXkaVhDZIGyTc4D.bLyAAAKtG1DJQxfqWjs2I7vp2zEmO8
ðŸ”” Notification created for researcher 4
ðŸ”” Pending >48hr: Application #18
âœ… Email sent to sd@w.com
ðŸ“© Preview URL: https://ethereal.email/message/aP0PwIw8PbMuOmXkaVhDZqPtGIlBAYJLAAAKtfqVkA2tdlK2Nd1H6fTM8Os
ðŸ”” Notification created for researcher 8
ðŸ”” Pending >48hr: Application #19
âœ… Email sent to sd@w.com
ðŸ“© Preview URL: https://ethereal.email/message/aP0PwIw8PbMuOmXkaVhDaaPtGIlBAYJUAAAKtjEJzg9XUXmUYFdyk75KYzI
ðŸ”” Notification created for researcher 8
ðŸ”” Pending >48hr: Application #23
âœ… Email sent to one@gmail.com
ðŸ“© Preview URL: https://ethereal.email/message/aP0PwIw8PbMuOmXkaVhDbXaur3U3sQX7AAAKt3guLajmfA3YPGSnEebkMr8
ðŸ”” Notification created for researcher 9
ðŸ”” Pending >48hr: Application #24
âœ… Email sent to one@gmail.com
ðŸ“© Preview URL: https://ethereal.email/message/aP0PwIw8PbMuOmXkaVhDcU.zpT4HjO9BAAAKuMbusLAq6vNIwCKaYciketo
ðŸ”” Notification created for researcher 9
ðŸ”” Pending >48hr: Application #25
âœ… Email sent to one@gmail.com
ðŸ“© Preview URL: https://ethereal.email/message/aP0PwIw8PbMuOmXkaVhDc0.zpT4HjO9HAAAKudHVQoPqaQ01dBRrFMtuupA
ðŸ”” Notification created for researcher 9
ðŸ”” Pending >48hr: Application #29
âœ… Email sent to one@gmail.com
ðŸ“© Preview URL: https://ethereal.email/message/aP0PwIw8PbMuOmXkaVhDdk.zpT4HjO9KAAAKuh.3wMRN-4DyFwVD-ngnVBE
ðŸ”” Notification created for researcher 9
âœ… 48-hour pending check complete.

